104.01.18 19:40 B c:\Archivos de programa\Apache Group\Apache\htdocs\chat\es\gifs\aceptar.gif <-- tcp.averroes.cica.es /chat/es/gifs aceptar.gif
104.01.18 19:40 B c:\Archivos de programa\Apache Group\Apache\htdocs\chat\es\gifs\aceptar_t2.gif <-- tcp.averroes.cica.es /chat/es/gifs aceptar_t2.gif
104.01.18 19:40 B c:\Archivos de programa\Apache Group\Apache\htdocs\chat\es\gifs\actualizar.gif <-- tcp.averroes.cica.es /chat/es/gifs actualizar.gif
104.01.18 19:40 B c:\Archivos de programa\Apache Group\Apache\htdocs\chat\es\gifs\actualizar_t2.gif <-- tcp.averroes.cica.es /chat/es/gifs actualizar_t2.gif
104.01.18 19:40 B c:\Archivos de programa\Apache Group\Apache\htdocs\chat\es\gifs\antifaz_t.gif <-- tcp.averroes.cica.es /chat/es/gifs antifaz_t.gif
104.01.18 19:40 B c:\Archivos de programa\Apache Group\Apache\htdocs\chat\es\gifs\antifaz_t2.gif <-- tcp.averroes.cica.es /chat/es/gifs antifaz_t2.gif
104.01.18 19:40 B c:\Archivos de programa\Apache Group\Apache\htdocs\chat\es\gifs\barra.gif <-- tcp.averroes.cica.es /chat/es/gifs barra.gif
104.01.18 19:40 B c:\Archivos de programa\Apache Group\Apache\htdocs\chat\es\gifs\buscar_usuario.gif <-- tcp.averroes.cica.es /chat/es/gifs buscar_usuario.gif
104.01.18 19:40 B c:\Archivos de programa\Apache Group\Apache\htdocs\chat\es\gifs\cambiar_alias.gif <-- tcp.averroes.cica.es /chat/es/gifs cambiar_alias.gif
104.01.18 19:40 B c:\Archivos de programa\Apache Group\Apache\htdocs\chat\es\gifs\canales.gif <-- tcp.averroes.cica.es /chat/es/gifs canales.gif
104.01.18 19:40 B c:\Archivos de programa\Apache Group\Apache\htdocs\chat\es\gifs\canalname.gif <-- tcp.averroes.cica.es /chat/es/gifs canalname.gif
104.01.18 19:40 B c:\Archivos de programa\Apache Group\Apache\htdocs\chat\es\gifs\cancelar.gif <-- tcp.averroes.cica.es /chat/es/gifs cancelar.gif
104.01.18 19:40 B c:\Archivos de programa\Apache Group\Apache\htdocs\chat\es\gifs\cancelar_t2.gif <-- tcp.averroes.cica.es /chat/es/gifs cancelar_t2.gif
104.01.18 19:40 B c:\Archivos de programa\Apache Group\Apache\htdocs\chat\es\gifs\cerra.gif <-- tcp.averroes.cica.es /chat/es/gifs cerra.gif
104.01.18 19:40 B c:\Archivos de programa\Apache Group\Apache\htdocs\chat\es\gifs\cerrar.gif <-- tcp.averroes.cica.es /chat/es/gifs cerrar.gif
104.01.18 19:40 B c:\Archivos de programa\Apache Group\Apache\htdocs\chat\es\gifs\charla_privada.gif <-- tcp.averroes.cica.es /chat/es/gifs charla_privada.gif
104.01.18 19:40 B c:\Archivos de programa\Apache Group\Apache\htdocs\chat\es\gifs\charlactual.gif <-- tcp.averroes.cica.es /chat/es/gifs charlactual.gif
104.01.18 19:40 B c:\Archivos de programa\Apache Group\Apache\htdocs\chat\es\gifs\conexion_t.gif <-- tcp.averroes.cica.es /chat/es/gifs conexion_t.gif
104.01.18 19:40 B c:\Archivos de programa\Apache Group\Apache\htdocs\chat\es\gifs\conexion_t2.gif <-- tcp.averroes.cica.es /chat/es/gifs conexion_t2.gif
104.01.18 19:40 B c:\Archivos de programa\Apache Group\Apache\htdocs\chat\es\gifs\cprivada.gif <-- tcp.averroes.cica.es /chat/es/gifs cprivada.gif
104.01.18 19:40 B c:\Archivos de programa\Apache Group\Apache\htdocs\chat\es\gifs\crear_canal.gif <-- tcp.averroes.cica.es /chat/es/gifs crear_canal.gif
104.01.18 19:40 B c:\Archivos de programa\Apache Group\Apache\htdocs\chat\es\gifs\desconectar_t2.gif <-- tcp.averroes.cica.es /chat/es/gifs desconectar_t2.gif
104.01.18 19:40 B c:\Archivos de programa\Apache Group\Apache\htdocs\chat\es\gifs\desconexion_t.gif <-- tcp.averroes.cica.es /chat/es/gifs desconexion_t.gif
104.01.18 19:40 B c:\Archivos de programa\Apache Group\Apache\htdocs\chat\es\gifs\desconexion_t2.gif <-- tcp.averroes.cica.es /chat/es/gifs desconexion_t2.gif
104.01.18 19:40 B c:\Archivos de programa\Apache Group\Apache\htdocs\chat\es\gifs\entra_t.gif <-- tcp.averroes.cica.es /chat/es/gifs entra_t.gif
104.01.18 19:40 B c:\Archivos de programa\Apache Group\Apache\htdocs\chat\es\gifs\entra_t2.gif <-- tcp.averroes.cica.es /chat/es/gifs entra_t2.gif
104.01.18 19:40 B c:\Archivos de programa\Apache Group\Apache\htdocs\chat\es\gifs\enviar.gif <-- tcp.averroes.cica.es /chat/es/gifs enviar.gif
104.01.18 19:40 B c:\Archivos de programa\Apache Group\Apache\htdocs\chat\es\gifs\flecha.gif <-- tcp.averroes.cica.es /chat/es/gifs flecha.gif
104.01.18 19:40 B c:\Archivos de programa\Apache Group\Apache\htdocs\chat\es\gifs\limpia_t.gif <-- tcp.averroes.cica.es /chat/es/gifs limpia_t.gif
104.01.18 19:40 B c:\Archivos de programa\Apache Group\Apache\htdocs\chat\es\gifs\limpia_t2.gif <-- tcp.averroes.cica.es /chat/es/gifs limpia_t2.gif
104.01.18 19:40 B c:\Archivos de programa\Apache Group\Apache\htdocs\chat\es\gifs\lista_t.gif <-- tcp.averroes.cica.es /chat/es/gifs lista_t.gif
104.01.18 19:40 B c:\Archivos de programa\Apache Group\Apache\htdocs\chat\es\gifs\lista_t2.gif <-- tcp.averroes.cica.es /chat/es/gifs lista_t2.gif
104.01.18 19:40 B c:\Archivos de programa\Apache Group\Apache\htdocs\chat\es\gifs\nickname.gif <-- tcp.averroes.cica.es /chat/es/gifs nickname.gif
104.01.18 19:40 B c:\Archivos de programa\Apache Group\Apache\htdocs\chat\es\gifs\ok1.gif <-- tcp.averroes.cica.es /chat/es/gifs ok1.gif
104.01.18 19:40 B c:\Archivos de programa\Apache Group\Apache\htdocs\chat\es\gifs\ok2.gif <-- tcp.averroes.cica.es /chat/es/gifs ok2.gif
104.01.18 19:40 B c:\Archivos de programa\Apache Group\Apache\htdocs\chat\es\gifs\ok3.gif <-- tcp.averroes.cica.es /chat/es/gifs ok3.gif
104.01.18 19:40 B c:\Archivos de programa\Apache Group\Apache\htdocs\chat\es\gifs\quien_t.gif <-- tcp.averroes.cica.es /chat/es/gifs quien_t.gif
104.01.18 19:40 B c:\Archivos de programa\Apache Group\Apache\htdocs\chat\es\gifs\quien_t2.gif <-- tcp.averroes.cica.es /chat/es/gifs quien_t2.gif
104.01.18 19:40 B c:\Archivos de programa\Apache Group\Apache\htdocs\chat\es\gifs\realname.gif <-- tcp.averroes.cica.es /chat/es/gifs realname.gif
104.01.18 19:40 B c:\Archivos de programa\Apache Group\Apache\htdocs\chat\es\gifs\sal_t.gif <-- tcp.averroes.cica.es /chat/es/gifs sal_t.gif
104.01.18 19:40 B c:\Archivos de programa\Apache Group\Apache\htdocs\chat\es\gifs\sal_t2.gif <-- tcp.averroes.cica.es /chat/es/gifs sal_t2.gif
104.01.18 19:40 B c:\Archivos de programa\Apache Group\Apache\htdocs\chat\es\gifs\susurro_fin_t.gif <-- tcp.averroes.cica.es /chat/es/gifs susurro_fin_t.gif
104.01.18 19:40 B c:\Archivos de programa\Apache Group\Apache\htdocs\chat\es\gifs\susurro_fin_t2.gif <-- tcp.averroes.cica.es /chat/es/gifs susurro_fin_t2.gif
104.01.18 19:40 B c:\Archivos de programa\Apache Group\Apache\htdocs\chat\es\gifs\susurro_ini_t.gif <-- tcp.averroes.cica.es /chat/es/gifs susurro_ini_t.gif
104.01.18 19:40 B c:\Archivos de programa\Apache Group\Apache\htdocs\chat\es\gifs\susurro_ini_t2.gif <-- tcp.averroes.cica.es /chat/es/gifs susurro_ini_t2.gif
104.01.18 19:40 B c:\Archivos de programa\Apache Group\Apache\htdocs\chat\es\gifs\unirsea.gif <-- tcp.averroes.cica.es /chat/es/gifs unirsea.gif
104.01.18 19:40 B c:\Archivos de programa\Apache Group\Apache\htdocs\chat\es\gifs\unirsea_t2.gif <-- tcp.averroes.cica.es /chat/es/gifs unirsea_t2.gif
104.01.18 19:40 B c:\Archivos de programa\Apache Group\Apache\htdocs\chat\es\gifs\usuarios.gif <-- tcp.averroes.cica.es /chat/es/gifs usuarios.gif
