Warning: Permanently added 'pc104' (ECDSA) to the list of known hosts.
 [ LliureX Up ] The show must go on!
 [ LliureX UP ] Upgrade is always the default option
Actualiza la lista de paquetes disponibles
Ign http://mirror trusty InRelease
Ign http://mirror trusty-updates InRelease
Ign http://mirror trusty-security InRelease
Ign http://mirror trusty Release.gpg
Ign http://mirror trusty-updates Release.gpg
Ign http://mirror trusty-security Release.gpg
Obj http://mirror trusty Release
Obj http://mirror trusty-updates Release
Obj http://mirror trusty-security Release
Ign http://mirror trusty/main i386 Packages/DiffIndex
Ign http://mirror trusty/universe i386 Packages/DiffIndex
Ign http://mirror trusty/restricted i386 Packages/DiffIndex
Ign http://mirror trusty/multiverse i386 Packages/DiffIndex
Ign http://mirror trusty-updates/main i386 Packages/DiffIndex
Ign http://mirror trusty-updates/universe i386 Packages/DiffIndex
Ign http://mirror trusty-updates/restricted i386 Packages/DiffIndex
Ign http://mirror trusty-updates/multiverse i386 Packages/DiffIndex
Ign http://mirror trusty-security/main i386 Packages/DiffIndex
Ign http://mirror trusty-security/universe i386 Packages/DiffIndex
Ign http://mirror trusty-security/restricted i386 Packages/DiffIndex
Ign http://mirror trusty-security/multiverse i386 Packages/DiffIndex
Obj http://www.geogebra.net stable InRelease
Obj http://www.geogebra.net stable/main i386 Packages
Obj http://mirror trusty/main i386 Packages
Obj http://mirror trusty/universe i386 Packages
Obj http://mirror trusty/restricted i386 Packages
Obj http://mirror trusty/multiverse i386 Packages
Ign http://mirror trusty/main Translation-es_ES
Ign http://mirror trusty/main Translation-es
Ign http://mirror trusty/main Translation-en
Ign http://mirror trusty/multiverse Translation-es_ES
Ign http://mirror trusty/multiverse Translation-es
Ign http://mirror trusty/multiverse Translation-en
Ign http://mirror trusty/restricted Translation-es_ES
Ign http://mirror trusty/restricted Translation-es
Ign http://mirror trusty/restricted Translation-en
Ign http://mirror trusty/universe Translation-es_ES
Ign http://mirror trusty/universe Translation-es
Ign http://mirror trusty/universe Translation-en
Obj http://mirror trusty-updates/main i386 Packages
Obj http://mirror trusty-updates/universe i386 Packages
Obj http://mirror trusty-updates/restricted i386 Packages
Obj http://mirror trusty-updates/multiverse i386 Packages
Ign http://mirror trusty-updates/main Translation-es_ES
Ign http://mirror trusty-updates/main Translation-es
Ign http://mirror trusty-updates/main Translation-en
Ign http://mirror trusty-updates/multiverse Translation-es_ES
Ign http://mirror trusty-updates/multiverse Translation-es
Ign http://mirror trusty-updates/multiverse Translation-en
Ign http://mirror trusty-updates/restricted Translation-es_ES
Ign http://mirror trusty-updates/restricted Translation-es
Ign http://mirror trusty-updates/restricted Translation-en
Ign http://mirror trusty-updates/universe Translation-es_ES
Ign http://mirror trusty-updates/universe Translation-es
Ign http://mirror trusty-updates/universe Translation-en
Obj http://mirror trusty-security/main i386 Packages
Obj http://mirror trusty-security/universe i386 Packages
Obj http://mirror trusty-security/restricted i386 Packages
Obj http://mirror trusty-security/multiverse i386 Packages
Ign http://mirror trusty-security/main Translation-es_ES
Ign http://mirror trusty-security/main Translation-es
Ign http://mirror trusty-security/main Translation-en
Ign http://mirror trusty-security/multiverse Translation-es_ES
Ign http://mirror trusty-security/multiverse Translation-es
Ign http://mirror trusty-security/multiverse Translation-en
Ign http://mirror trusty-security/restricted Translation-es_ES
Ign http://mirror trusty-security/restricted Translation-es
Ign http://mirror trusty-security/restricted Translation-en
Ign http://mirror trusty-security/universe Translation-es_ES
Ign http://mirror trusty-security/universe Translation-es
Ign http://mirror trusty-security/universe Translation-en
Obj https://deb.opera.com stable InRelease
Obj https://deb.opera.com stable/non-free i386 Packages
Ign https://deb.opera.com stable/non-free Translation-es_ES
Ign https://deb.opera.com stable/non-free Translation-es
Ign https://deb.opera.com stable/non-free Translation-en
Ign http://www.geogebra.net stable/main Translation-es_ES
Ign http://www.geogebra.net stable/main Translation-es
Ign http://www.geogebra.net stable/main Translation-en
E: se interrumpió la ejecución de dpkg, debe ejecutar manualmente «sudo dpkg --configure -a» para corregir el problema
Upgrade installed packages
E: se interrumpió la ejecución de dpkg, debe ejecutar manualmente «sudo dpkg --configure -a» para corregir el problema
Upgrade complete
Software origins updated
Software origins updated
Is not needed
Actualiza la lista de paquetes disponibles
Ign http://mirror trusty InRelease
Ign http://mirror trusty-updates InRelease
Ign http://mirror trusty-security InRelease
Ign http://mirror trusty Release.gpg
Ign http://mirror trusty-updates Release.gpg
Ign http://mirror trusty-security Release.gpg
Obj http://mirror trusty Release
Obj http://mirror trusty-updates Release
Obj http://mirror trusty-security Release
Ign http://mirror trusty/main i386 Packages/DiffIndex
Ign http://mirror trusty/universe i386 Packages/DiffIndex
Ign http://mirror trusty/restricted i386 Packages/DiffIndex
Ign http://mirror trusty/multiverse i386 Packages/DiffIndex
Ign http://mirror trusty-updates/main i386 Packages/DiffIndex
Ign http://mirror trusty-updates/universe i386 Packages/DiffIndex
Ign http://mirror trusty-updates/restricted i386 Packages/DiffIndex
Ign http://mirror trusty-updates/multiverse i386 Packages/DiffIndex
Ign http://mirror trusty-security/main i386 Packages/DiffIndex
Ign http://mirror trusty-security/universe i386 Packages/DiffIndex
Ign http://mirror trusty-security/restricted i386 Packages/DiffIndex
Ign http://mirror trusty-security/multiverse i386 Packages/DiffIndex
Obj http://www.geogebra.net stable InRelease
Obj http://mirror trusty/main i386 Packages
Obj http://mirror trusty/universe i386 Packages
Obj http://mirror trusty/restricted i386 Packages
Obj http://mirror trusty/multiverse i386 Packages
Ign http://mirror trusty/main Translation-es_ES
Ign http://mirror trusty/main Translation-es
Ign http://mirror trusty/main Translation-en
Ign http://mirror trusty/multiverse Translation-es_ES
Ign http://mirror trusty/multiverse Translation-es
Ign http://mirror trusty/multiverse Translation-en
Ign http://mirror trusty/restricted Translation-es_ES
Ign http://mirror trusty/restricted Translation-es
Ign http://mirror trusty/restricted Translation-en
Ign http://mirror trusty/universe Translation-es_ES
Ign http://mirror trusty/universe Translation-es
Ign http://mirror trusty/universe Translation-en
Obj http://mirror trusty-updates/main i386 Packages
Obj http://mirror trusty-updates/universe i386 Packages
Obj http://mirror trusty-updates/restricted i386 Packages
Obj http://mirror trusty-updates/multiverse i386 Packages
Ign http://mirror trusty-updates/main Translation-es_ES
Ign http://mirror trusty-updates/main Translation-es
Ign http://mirror trusty-updates/main Translation-en
Ign http://mirror trusty-updates/multiverse Translation-es_ES
Ign http://mirror trusty-updates/multiverse Translation-es
Ign http://mirror trusty-updates/multiverse Translation-en
Ign http://mirror trusty-updates/restricted Translation-es_ES
Ign http://mirror trusty-updates/restricted Translation-es
Ign http://mirror trusty-updates/restricted Translation-en
Ign http://mirror trusty-updates/universe Translation-es_ES
Ign http://mirror trusty-updates/universe Translation-es
Ign http://mirror trusty-updates/universe Translation-en
Obj http://mirror trusty-security/main i386 Packages
Obj http://mirror trusty-security/universe i386 Packages
Obj http://mirror trusty-security/restricted i386 Packages
Obj http://mirror trusty-security/multiverse i386 Packages
Ign http://mirror trusty-security/main Translation-es_ES
Ign http://mirror trusty-security/main Translation-es
Ign http://mirror trusty-security/main Translation-en
Ign http://mirror trusty-security/multiverse Translation-es_ES
Ign http://mirror trusty-security/multiverse Translation-es
Ign http://mirror trusty-security/multiverse Translation-en
Ign http://mirror trusty-security/restricted Translation-es_ES
Ign http://mirror trusty-security/restricted Translation-es
Ign http://mirror trusty-security/restricted Translation-en
Ign http://mirror trusty-security/universe Translation-es_ES
Ign http://mirror trusty-security/universe Translation-es
Ign http://mirror trusty-security/universe Translation-en
Obj http://www.geogebra.net stable/main i386 Packages
Obj https://deb.opera.com stable InRelease
Obj https://deb.opera.com stable/non-free i386 Packages
Ign https://deb.opera.com stable/non-free Translation-es_ES
Ign https://deb.opera.com stable/non-free Translation-es
Ign https://deb.opera.com stable/non-free Translation-en
Ign http://www.geogebra.net stable/main Translation-es_ES
Ign http://www.geogebra.net stable/main Translation-es
Ign http://www.geogebra.net stable/main Translation-en
E: se interrumpió la ejecución de dpkg, debe ejecutar manualmente «sudo dpkg --configure -a» para corregir el problema
Disabled script by default
Fixing waiting time on grub configuration
 * [LliureX Up] Changed file: /etc/grub.d/00_header
[ LliureX UP Msg]: Package lliurex-live-ubiquity not found...nothing to do
[ LliureX UP Msg]: Package ubiquity not found...nothing to do
[ LliureX UP Msg]: Package ubiquity-casper not found...nothing to do
[ LliureX UP Msg]: Package ubiquity-frontend-gtk not found...nothing to do
[ LliureX UP Msg]: Package ubiquity-ubuntu-artwork not found...nothing to do
[ LliureX UP Msg]: Package casper-customize-mod-autologin not found...nothing to do
[ LliureX UP Msg]: Package casper-customize-mod-nsswitch not found...nothing to do
E: se interrumpió la ejecución de dpkg, debe ejecutar manualmente «sudo dpkg --configure -a» para corregir el problema
E: se interrumpió la ejecución de dpkg, debe ejecutar manualmente «sudo dpkg --configure -a» para corregir el problema
 * [ LliureX Up ] : Client
E: se interrumpió la ejecución de dpkg, debe ejecutar manualmente «sudo dpkg --configure -a» para corregir el problema
[ LliureX UP Msg]: Package modemmanager not found...nothing to do
[ LliureX UP Msg]: Package lliurex-initramfs-tools-nsswitch not found...nothing to do
Generando archivo de configuración grub...
Encontrado fondo de pantalla: /usr/share/lliurex-grub-custom/backgrounds/trusty.png
Found background image: /usr/share/lliurex-grub-custom/backgrounds/trusty.png
Encontrada imagen de linux: /boot/vmlinuz-3.16.0-77-generic
Encontrada imagen de memoria inicial: /boot/initrd.img-3.16.0-77-generic
Encontrada imagen de linux: /boot/vmlinuz-3.16.0-53-generic
Encontrada imagen de memoria inicial: /boot/initrd.img-3.16.0-53-generic
Found memtest86+ image: /boot/memtest86+.elf
Found memtest86+ image: /boot/memtest86+.bin
Found iPXE image : /boot/ipxe.lkrn
hecho
 * [ LliureX Up ] :  Chroot test failed...nothing to do
 * [ LliureX Up ] : Package test failed...nothing to do
 * [ LliureX Up ] : * Client
E: se interrumpió la ejecución de dpkg, debe ejecutar manualmente «sudo dpkg --configure -a» para corregir el problema
 * [ LliureX Up ] : Nothing to do
 * [ LliureX Up ] : Remove guest user disabled
 * [ LliureX Up ] : Setting the icon theme as default
 * [ LliureX Up ] : Cleaning area 
update-initramfs: Generating /boot/initrd.img-3.16.0-77-generic
Warning: Permanently added 'pc104' (ECDSA) to the list of known hosts.
 [ LliureX Up ] The show must go on!
 [ LliureX UP ] Upgrade is always the default option
Actualiza la lista de paquetes disponibles
Ign http://mirror trusty InRelease
Ign http://mirror trusty-updates InRelease
Ign http://mirror trusty-security InRelease
Ign http://mirror trusty Release.gpg
Ign http://mirror trusty-updates Release.gpg
Ign http://mirror trusty-security Release.gpg
Obj http://mirror trusty Release
Obj http://mirror trusty-updates Release
Obj http://mirror trusty-security Release
Ign http://mirror trusty/main i386 Packages/DiffIndex
Ign http://mirror trusty/universe i386 Packages/DiffIndex
Ign http://mirror trusty/restricted i386 Packages/DiffIndex
Ign http://mirror trusty/multiverse i386 Packages/DiffIndex
Ign http://mirror trusty-updates/main i386 Packages/DiffIndex
Ign http://mirror trusty-updates/universe i386 Packages/DiffIndex
Ign http://mirror trusty-updates/restricted i386 Packages/DiffIndex
Ign http://mirror trusty-updates/multiverse i386 Packages/DiffIndex
Ign http://mirror trusty-security/main i386 Packages/DiffIndex
Ign http://mirror trusty-security/universe i386 Packages/DiffIndex
Ign http://mirror trusty-security/restricted i386 Packages/DiffIndex
Ign http://mirror trusty-security/multiverse i386 Packages/DiffIndex
Obj http://mirror trusty/main i386 Packages
Obj http://mirror trusty/universe i386 Packages
Obj http://mirror trusty/restricted i386 Packages
Obj http://mirror trusty/multiverse i386 Packages
Ign http://mirror trusty/main Translation-es_ES
Ign http://mirror trusty/main Translation-es
Ign http://mirror trusty/main Translation-en
Ign http://mirror trusty/multiverse Translation-es_ES
Ign http://mirror trusty/multiverse Translation-es
Ign http://mirror trusty/multiverse Translation-en
Ign http://mirror trusty/restricted Translation-es_ES
Ign http://mirror trusty/restricted Translation-es
Ign http://mirror trusty/restricted Translation-en
Ign http://mirror trusty/universe Translation-es_ES
Ign http://mirror trusty/universe Translation-es
Ign http://mirror trusty/universe Translation-en
Obj http://mirror trusty-updates/main i386 Packages
Obj http://mirror trusty-updates/universe i386 Packages
Obj http://mirror trusty-updates/restricted i386 Packages
Obj http://mirror trusty-updates/multiverse i386 Packages
Ign http://mirror trusty-updates/main Translation-es_ES
Ign http://mirror trusty-updates/main Translation-es
Ign http://mirror trusty-updates/main Translation-en
Obj http://www.geogebra.net stable InRelease
Ign http://mirror trusty-updates/multiverse Translation-es_ES
Ign http://mirror trusty-updates/multiverse Translation-es
Ign http://mirror trusty-updates/multiverse Translation-en
Ign http://mirror trusty-updates/restricted Translation-es_ES
Ign http://mirror trusty-updates/restricted Translation-es
Ign http://mirror trusty-updates/restricted Translation-en
Ign http://mirror trusty-updates/universe Translation-es_ES
Ign http://mirror trusty-updates/universe Translation-es
Ign http://mirror trusty-updates/universe Translation-en
Obj http://mirror trusty-security/main i386 Packages
Obj http://mirror trusty-security/universe i386 Packages
Obj http://mirror trusty-security/restricted i386 Packages
Obj http://mirror trusty-security/multiverse i386 Packages
Ign http://mirror trusty-security/main Translation-es_ES
Ign http://mirror trusty-security/main Translation-es
Ign http://mirror trusty-security/main Translation-en
Ign http://mirror trusty-security/multiverse Translation-es_ES
Ign http://mirror trusty-security/multiverse Translation-es
Ign http://mirror trusty-security/multiverse Translation-en
Ign http://mirror trusty-security/restricted Translation-es_ES
Ign http://mirror trusty-security/restricted Translation-es
Ign http://mirror trusty-security/restricted Translation-en
Ign http://mirror trusty-security/universe Translation-es_ES
Ign http://mirror trusty-security/universe Translation-es
Ign http://mirror trusty-security/universe Translation-en
Obj http://www.geogebra.net stable/main i386 Packages
Obj https://deb.opera.com stable InRelease
Obj https://deb.opera.com stable/non-free i386 Packages
Ign https://deb.opera.com stable/non-free Translation-es_ES
Ign https://deb.opera.com stable/non-free Translation-es
Ign https://deb.opera.com stable/non-free Translation-en
Ign http://www.geogebra.net stable/main Translation-es_ES
Ign http://www.geogebra.net stable/main Translation-es
Ign http://www.geogebra.net stable/main Translation-en
E: se interrumpió la ejecución de dpkg, debe ejecutar manualmente «sudo dpkg --configure -a» para corregir el problema
Upgrade installed packages
E: se interrumpió la ejecución de dpkg, debe ejecutar manualmente «sudo dpkg --configure -a» para corregir el problema
Upgrade complete
Software origins updated
Software origins updated
Is not needed
Actualiza la lista de paquetes disponibles
Ign http://mirror trusty InRelease
Ign http://mirror trusty-updates InRelease
Ign http://mirror trusty-security InRelease
Ign http://mirror trusty Release.gpg
Ign http://mirror trusty-updates Release.gpg
Ign http://mirror trusty-security Release.gpg
Obj http://mirror trusty Release
Obj http://mirror trusty-updates Release
Obj http://mirror trusty-security Release
Ign http://mirror trusty/main i386 Packages/DiffIndex
Ign http://mirror trusty/universe i386 Packages/DiffIndex
Ign http://mirror trusty/restricted i386 Packages/DiffIndex
Ign http://mirror trusty/multiverse i386 Packages/DiffIndex
Ign http://mirror trusty-updates/main i386 Packages/DiffIndex
Ign http://mirror trusty-updates/universe i386 Packages/DiffIndex
Ign http://mirror trusty-updates/restricted i386 Packages/DiffIndex
Ign http://mirror trusty-updates/multiverse i386 Packages/DiffIndex
Ign http://mirror trusty-security/main i386 Packages/DiffIndex
Ign http://mirror trusty-security/universe i386 Packages/DiffIndex
Ign http://mirror trusty-security/restricted i386 Packages/DiffIndex
Ign http://mirror trusty-security/multiverse i386 Packages/DiffIndex
Obj http://www.geogebra.net stable InRelease
Obj http://www.geogebra.net stable/main i386 Packages
Obj http://mirror trusty/main i386 Packages
Obj http://mirror trusty/universe i386 Packages
Obj http://mirror trusty/restricted i386 Packages
Obj http://mirror trusty/multiverse i386 Packages
Ign http://mirror trusty/main Translation-es_ES
Ign http://mirror trusty/main Translation-es
Ign http://mirror trusty/main Translation-en
Ign http://mirror trusty/multiverse Translation-es_ES
Ign http://mirror trusty/multiverse Translation-es
Ign http://mirror trusty/multiverse Translation-en
Ign http://mirror trusty/restricted Translation-es_ES
Ign http://mirror trusty/restricted Translation-es
Ign http://mirror trusty/restricted Translation-en
Ign http://mirror trusty/universe Translation-es_ES
Ign http://mirror trusty/universe Translation-es
Ign http://mirror trusty/universe Translation-en
Obj http://mirror trusty-updates/main i386 Packages
Obj http://mirror trusty-updates/universe i386 Packages
Obj http://mirror trusty-updates/restricted i386 Packages
Obj http://mirror trusty-updates/multiverse i386 Packages
Ign http://mirror trusty-updates/main Translation-es_ES
Ign http://mirror trusty-updates/main Translation-es
Ign http://mirror trusty-updates/main Translation-en
Ign http://mirror trusty-updates/multiverse Translation-es_ES
Ign http://mirror trusty-updates/multiverse Translation-es
Ign http://mirror trusty-updates/multiverse Translation-en
Ign http://mirror trusty-updates/restricted Translation-es_ES
Ign http://mirror trusty-updates/restricted Translation-es
Ign http://mirror trusty-updates/restricted Translation-en
Ign http://mirror trusty-updates/universe Translation-es_ES
Ign http://mirror trusty-updates/universe Translation-es
Ign http://mirror trusty-updates/universe Translation-en
Obj http://mirror trusty-security/main i386 Packages
Obj http://mirror trusty-security/universe i386 Packages
Obj http://mirror trusty-security/restricted i386 Packages
Obj http://mirror trusty-security/multiverse i386 Packages
Ign http://mirror trusty-security/main Translation-es_ES
Ign http://mirror trusty-security/main Translation-es
Ign http://mirror trusty-security/main Translation-en
Ign http://mirror trusty-security/multiverse Translation-es_ES
Ign http://mirror trusty-security/multiverse Translation-es
Ign http://mirror trusty-security/multiverse Translation-en
Ign http://mirror trusty-security/restricted Translation-es_ES
Ign http://mirror trusty-security/restricted Translation-es
Ign http://mirror trusty-security/restricted Translation-en
Ign http://mirror trusty-security/universe Translation-es_ES
Ign http://mirror trusty-security/universe Translation-es
Ign http://mirror trusty-security/universe Translation-en
Obj https://deb.opera.com stable InRelease
Obj https://deb.opera.com stable/non-free i386 Packages
Ign https://deb.opera.com stable/non-free Translation-es_ES
Ign https://deb.opera.com stable/non-free Translation-es
Ign https://deb.opera.com stable/non-free Translation-en
Ign http://www.geogebra.net stable/main Translation-es_ES
Ign http://www.geogebra.net stable/main Translation-es
Ign http://www.geogebra.net stable/main Translation-en
E: se interrumpió la ejecución de dpkg, debe ejecutar manualmente «sudo dpkg --configure -a» para corregir el problema
Disabled script by default
Fixing waiting time on grub configuration
 * [LliureX Up] Changed file: /etc/grub.d/00_header
[ LliureX UP Msg]: Package lliurex-live-ubiquity not found...nothing to do
[ LliureX UP Msg]: Package ubiquity not found...nothing to do
[ LliureX UP Msg]: Package ubiquity-casper not found...nothing to do
[ LliureX UP Msg]: Package ubiquity-frontend-gtk not found...nothing to do
[ LliureX UP Msg]: Package ubiquity-ubuntu-artwork not found...nothing to do
[ LliureX UP Msg]: Package casper-customize-mod-autologin not found...nothing to do
[ LliureX UP Msg]: Package casper-customize-mod-nsswitch not found...nothing to do
E: se interrumpió la ejecución de dpkg, debe ejecutar manualmente «sudo dpkg --configure -a» para corregir el problema
E: se interrumpió la ejecución de dpkg, debe ejecutar manualmente «sudo dpkg --configure -a» para corregir el problema
 * [ LliureX Up ] : Client
E: se interrumpió la ejecución de dpkg, debe ejecutar manualmente «sudo dpkg --configure -a» para corregir el problema
[ LliureX UP Msg]: Package modemmanager not found...nothing to do
[ LliureX UP Msg]: Package lliurex-initramfs-tools-nsswitch not found...nothing to do
Generando archivo de configuración grub...
Encontrado fondo de pantalla: /usr/share/lliurex-grub-custom/backgrounds/trusty.png
Found background image: /usr/share/lliurex-grub-custom/backgrounds/trusty.png
Encontrada imagen de linux: /boot/vmlinuz-3.16.0-77-generic
Encontrada imagen de memoria inicial: /boot/initrd.img-3.16.0-77-generic
Encontrada imagen de linux: /boot/vmlinuz-3.16.0-53-generic
Encontrada imagen de memoria inicial: /boot/initrd.img-3.16.0-53-generic
Found memtest86+ image: /boot/memtest86+.elf
Found memtest86+ image: /boot/memtest86+.bin
Found iPXE image : /boot/ipxe.lkrn
hecho
 * [ LliureX Up ] :  Chroot test failed...nothing to do
 * [ LliureX Up ] : Package test failed...nothing to do
 * [ LliureX Up ] : * Client
E: se interrumpió la ejecución de dpkg, debe ejecutar manualmente «sudo dpkg --configure -a» para corregir el problema
 * [ LliureX Up ] : Nothing to do
 * [ LliureX Up ] : Remove guest user disabled
 * [ LliureX Up ] : Setting the icon theme as default
 * [ LliureX Up ] : Cleaning area 
update-initramfs: Generating /boot/initrd.img-3.16.0-77-generic
Warning: Permanently added 'pc104' (ECDSA) to the list of known hosts.
 [ LliureX Up ] The show must go on!
 [ LliureX UP ] Upgrade is always the default option
Actualiza la lista de paquetes disponibles
Ign http://mirror trusty InRelease
Ign http://mirror trusty-updates InRelease
Ign http://mirror trusty-security InRelease
Ign http://mirror trusty Release.gpg
Ign http://mirror trusty-updates Release.gpg
Ign http://mirror trusty-security Release.gpg
Obj http://mirror trusty Release
Obj http://mirror trusty-updates Release
Obj http://mirror trusty-security Release
Ign http://mirror trusty/main i386 Packages/DiffIndex
Ign http://mirror trusty/universe i386 Packages/DiffIndex
Ign http://mirror trusty/restricted i386 Packages/DiffIndex
Ign http://mirror trusty/multiverse i386 Packages/DiffIndex
Ign http://mirror trusty-updates/main i386 Packages/DiffIndex
Ign http://mirror trusty-updates/universe i386 Packages/DiffIndex
Ign http://mirror trusty-updates/restricted i386 Packages/DiffIndex
Ign http://mirror trusty-updates/multiverse i386 Packages/DiffIndex
Ign http://mirror trusty-security/main i386 Packages/DiffIndex
Ign http://mirror trusty-security/universe i386 Packages/DiffIndex
Ign http://mirror trusty-security/restricted i386 Packages/DiffIndex
Ign http://mirror trusty-security/multiverse i386 Packages/DiffIndex
Obj http://www.geogebra.net stable InRelease
Obj http://mirror trusty/main i386 Packages
Obj http://mirror trusty/universe i386 Packages
Obj http://mirror trusty/restricted i386 Packages
Obj http://mirror trusty/multiverse i386 Packages
Ign http://mirror trusty/main Translation-es_ES
Ign http://mirror trusty/main Translation-es
Ign http://mirror trusty/main Translation-en
Ign http://mirror trusty/multiverse Translation-es_ES
Ign http://mirror trusty/multiverse Translation-es
Ign http://mirror trusty/multiverse Translation-en
Ign http://mirror trusty/restricted Translation-es_ES
Ign http://mirror trusty/restricted Translation-es
Ign http://mirror trusty/restricted Translation-en
Ign http://mirror trusty/universe Translation-es_ES
Ign http://mirror trusty/universe Translation-es
Ign http://mirror trusty/universe Translation-en
Obj http://mirror trusty-updates/main i386 Packages
Obj http://mirror trusty-updates/universe i386 Packages
Obj http://mirror trusty-updates/restricted i386 Packages
Obj http://mirror trusty-updates/multiverse i386 Packages
Ign http://mirror trusty-updates/main Translation-es_ES
Ign http://mirror trusty-updates/main Translation-es
Ign http://mirror trusty-updates/main Translation-en
Ign http://mirror trusty-updates/multiverse Translation-es_ES
Ign http://mirror trusty-updates/multiverse Translation-es
Ign http://mirror trusty-updates/multiverse Translation-en
Ign http://mirror trusty-updates/restricted Translation-es_ES
Ign http://mirror trusty-updates/restricted Translation-es
Ign http://mirror trusty-updates/restricted Translation-en
Ign http://mirror trusty-updates/universe Translation-es_ES
Ign http://mirror trusty-updates/universe Translation-es
Ign http://mirror trusty-updates/universe Translation-en
Obj http://mirror trusty-security/main i386 Packages
Obj http://mirror trusty-security/universe i386 Packages
Obj http://mirror trusty-security/restricted i386 Packages
Obj http://mirror trusty-security/multiverse i386 Packages
Ign http://mirror trusty-security/main Translation-es_ES
Ign http://mirror trusty-security/main Translation-es
Ign http://mirror trusty-security/main Translation-en
Ign http://mirror trusty-security/multiverse Translation-es_ES
Ign http://mirror trusty-security/multiverse Translation-es
Ign http://mirror trusty-security/multiverse Translation-en
Ign http://mirror trusty-security/restricted Translation-es_ES
Ign http://mirror trusty-security/restricted Translation-es
Ign http://mirror trusty-security/restricted Translation-en
Ign http://mirror trusty-security/universe Translation-es_ES
Ign http://mirror trusty-security/universe Translation-es
Ign http://mirror trusty-security/universe Translation-en
Obj http://www.geogebra.net stable/main i386 Packages
Obj https://deb.opera.com stable InRelease
Obj https://deb.opera.com stable/non-free i386 Packages
Ign https://deb.opera.com stable/non-free Translation-es_ES
Ign https://deb.opera.com stable/non-free Translation-es
Ign https://deb.opera.com stable/non-free Translation-en
Ign http://www.geogebra.net stable/main Translation-es_ES
Ign http://www.geogebra.net stable/main Translation-es
Ign http://www.geogebra.net stable/main Translation-en
E: se interrumpió la ejecución de dpkg, debe ejecutar manualmente «sudo dpkg --configure -a» para corregir el problema
Upgrade installed packages
E: se interrumpió la ejecución de dpkg, debe ejecutar manualmente «sudo dpkg --configure -a» para corregir el problema
Upgrade complete
Software origins updated
Software origins updated
Is not needed
Actualiza la lista de paquetes disponibles
Ign http://mirror trusty InRelease
Ign http://mirror trusty-updates InRelease
Ign http://mirror trusty-security InRelease
Ign http://mirror trusty Release.gpg
Ign http://mirror trusty-updates Release.gpg
Ign http://mirror trusty-security Release.gpg
Obj http://mirror trusty Release
Obj http://mirror trusty-updates Release
Obj http://mirror trusty-security Release
Ign http://mirror trusty/main i386 Packages/DiffIndex
Ign http://mirror trusty/universe i386 Packages/DiffIndex
Ign http://mirror trusty/restricted i386 Packages/DiffIndex
Ign http://mirror trusty/multiverse i386 Packages/DiffIndex
Ign http://mirror trusty-updates/main i386 Packages/DiffIndex
Ign http://mirror trusty-updates/universe i386 Packages/DiffIndex
Ign http://mirror trusty-updates/restricted i386 Packages/DiffIndex
Ign http://mirror trusty-updates/multiverse i386 Packages/DiffIndex
Ign http://mirror trusty-security/main i386 Packages/DiffIndex
Ign http://mirror trusty-security/universe i386 Packages/DiffIndex
Ign http://mirror trusty-security/restricted i386 Packages/DiffIndex
Ign http://mirror trusty-security/multiverse i386 Packages/DiffIndex
Obj http://www.geogebra.net stable InRelease
Obj http://mirror trusty/main i386 Packages
Obj http://mirror trusty/universe i386 Packages
Obj http://mirror trusty/restricted i386 Packages
Obj http://mirror trusty/multiverse i386 Packages
Ign http://mirror trusty/main Translation-es_ES
Ign http://mirror trusty/main Translation-es
Ign http://mirror trusty/main Translation-en
Ign http://mirror trusty/multiverse Translation-es_ES
Ign http://mirror trusty/multiverse Translation-es
Ign http://mirror trusty/multiverse Translation-en
Ign http://mirror trusty/restricted Translation-es_ES
Ign http://mirror trusty/restricted Translation-es
Ign http://mirror trusty/restricted Translation-en
Ign http://mirror trusty/universe Translation-es_ES
Ign http://mirror trusty/universe Translation-es
Ign http://mirror trusty/universe Translation-en
Obj http://mirror trusty-updates/main i386 Packages
Obj http://mirror trusty-updates/universe i386 Packages
Obj http://mirror trusty-updates/restricted i386 Packages
Obj http://mirror trusty-updates/multiverse i386 Packages
Ign http://mirror trusty-updates/main Translation-es_ES
Ign http://mirror trusty-updates/main Translation-es
Ign http://mirror trusty-updates/main Translation-en
Ign http://mirror trusty-updates/multiverse Translation-es_ES
Ign http://mirror trusty-updates/multiverse Translation-es
Ign http://mirror trusty-updates/multiverse Translation-en
Ign http://mirror trusty-updates/restricted Translation-es_ES
Ign http://mirror trusty-updates/restricted Translation-es
Ign http://mirror trusty-updates/restricted Translation-en
Ign http://mirror trusty-updates/universe Translation-es_ES
Ign http://mirror trusty-updates/universe Translation-es
Ign http://mirror trusty-updates/universe Translation-en
Obj http://mirror trusty-security/main i386 Packages
Obj http://mirror trusty-security/universe i386 Packages
Obj http://mirror trusty-security/restricted i386 Packages
Obj http://mirror trusty-security/multiverse i386 Packages
Ign http://mirror trusty-security/main Translation-es_ES
Ign http://mirror trusty-security/main Translation-es
Ign http://mirror trusty-security/main Translation-en
Ign http://mirror trusty-security/multiverse Translation-es_ES
Ign http://mirror trusty-security/multiverse Translation-es
Ign http://mirror trusty-security/multiverse Translation-en
Ign http://mirror trusty-security/restricted Translation-es_ES
Ign http://mirror trusty-security/restricted Translation-es
Obj http://www.geogebra.net stable/main i386 Packages
Ign http://mirror trusty-security/restricted Translation-en
Ign http://mirror trusty-security/universe Translation-es_ES
Ign http://mirror trusty-security/universe Translation-es
Ign http://mirror trusty-security/universe Translation-en
Obj https://deb.opera.com stable InRelease
Obj https://deb.opera.com stable/non-free i386 Packages
Ign https://deb.opera.com stable/non-free Translation-es_ES
Ign https://deb.opera.com stable/non-free Translation-es
Ign https://deb.opera.com stable/non-free Translation-en
Ign http://www.geogebra.net stable/main Translation-es_ES
Ign http://www.geogebra.net stable/main Translation-es
Ign http://www.geogebra.net stable/main Translation-en
E: se interrumpió la ejecución de dpkg, debe ejecutar manualmente «sudo dpkg --configure -a» para corregir el problema
Disabled script by default
Fixing waiting time on grub configuration
 * [LliureX Up] Changed file: /etc/grub.d/00_header
[ LliureX UP Msg]: Package lliurex-live-ubiquity not found...nothing to do
[ LliureX UP Msg]: Package ubiquity not found...nothing to do
[ LliureX UP Msg]: Package ubiquity-casper not found...nothing to do
[ LliureX UP Msg]: Package ubiquity-frontend-gtk not found...nothing to do
[ LliureX UP Msg]: Package ubiquity-ubuntu-artwork not found...nothing to do
[ LliureX UP Msg]: Package casper-customize-mod-autologin not found...nothing to do
[ LliureX UP Msg]: Package casper-customize-mod-nsswitch not found...nothing to do
E: se interrumpió la ejecución de dpkg, debe ejecutar manualmente «sudo dpkg --configure -a» para corregir el problema
E: se interrumpió la ejecución de dpkg, debe ejecutar manualmente «sudo dpkg --configure -a» para corregir el problema
 * [ LliureX Up ] : Client
E: se interrumpió la ejecución de dpkg, debe ejecutar manualmente «sudo dpkg --configure -a» para corregir el problema
[ LliureX UP Msg]: Package modemmanager not found...nothing to do
[ LliureX UP Msg]: Package lliurex-initramfs-tools-nsswitch not found...nothing to do
Generando archivo de configuración grub...
Encontrado fondo de pantalla: /usr/share/lliurex-grub-custom/backgrounds/trusty.png
Found background image: /usr/share/lliurex-grub-custom/backgrounds/trusty.png
Encontrada imagen de linux: /boot/vmlinuz-3.16.0-77-generic
Encontrada imagen de memoria inicial: /boot/initrd.img-3.16.0-77-generic
Encontrada imagen de linux: /boot/vmlinuz-3.16.0-53-generic
Encontrada imagen de memoria inicial: /boot/initrd.img-3.16.0-53-generic
Found memtest86+ image: /boot/memtest86+.elf
Found memtest86+ image: /boot/memtest86+.bin
Found iPXE image : /boot/ipxe.lkrn
hecho
 * [ LliureX Up ] :  Chroot test failed...nothing to do
 * [ LliureX Up ] : Package test failed...nothing to do
 * [ LliureX Up ] : * Client
E: se interrumpió la ejecución de dpkg, debe ejecutar manualmente «sudo dpkg --configure -a» para corregir el problema
 * [ LliureX Up ] : Nothing to do
 * [ LliureX Up ] : Remove guest user disabled
 * [ LliureX Up ] : Setting the icon theme as default
 * [ LliureX Up ] : Cleaning area 
update-initramfs: Generating /boot/initrd.img-3.16.0-77-generic
activarTor.sh
apagarAula.sh
apagarAula.sh~
aulaFsarc.sh
aulasrv1.vpn
aulasrv1.vpn~
authorized_keys
backup.sh
bak
bloquear.sh
borrar.txt
calculadora.jar
cambiarFicherosAula.sh
cambiarFicherosAula.sh~
Carpeta personal
chm.sh
cierraSesion.sh
cierraSesion.sh~
clusters
codigoExtra.txt
codigoExtra.txt.sh
coincidencias-1ESO.txt
coincidencias (Copia en conflicto de aulasrv1 2016-03-17).sh
coincidencias.sh
coincidencias.sh~
coincidencias.txt
comprobarMontajeNet.sh
config
config.ubu15
copiarEnAula.sh
copia.sh
copiaTrabajosClase2.sh
copiaTrabajosClase2.sh~
copiaTrabajosClase3.sh
copiaTrabajosClase3.sh~
copiaTrabajosClase.sh
copiaTrabajosClase.sh~
correoConexion.txt
disableMenuPower.sh
dnsmasq.aulapeque.conf
dnsmasq.conf
dnsmasq.srv1.conf
dnsmasq.srv2.conf
ejecutarEnCliente.sh
ejecutarEnServidor.sh
ejecutarEnServidor.sh~
ejecutarRemoto.sh
ejecutarRemoto.sh~
encenderAula.sh
ffmpeg.sh
ffmpeg.sh~
gmail.sh
hs.sh
id_rsa
id_rsa.pub
imagenLliurex
inicioAlu.sh
inicio.sh
ips.txt
LibreOffice - Manual Usuario Calc.pdf
listaFicherosmd5.sort.txt
ltsp.sh
md5s.sh
micalc.sh
mimeApps.sh
mimeApps.sh~
nohup.out
operaAptSources.sh
operaAptSources.sh~
ovpn.sh
ovpn.sh.old
ovpsrv.sh
pantallaCli.sh
pantalla.sh
ponerExamen.sh
publicarScripts.sh
puntosDeAccesoServidoresEtc.txt
rsync.sh
rutas.sh
srv2On.sh
sshCopyId.sh
sshTun.sh
sshTun.sh~
start.sh
start.sh~
sudoers
sudoers.old
tor-privoxy-squid.pdf
torRoute.sh
torRoute.sh~
tunelSsh5.sh
tunelSsh6.sh
tunelSsh6.sh~
tun.sh
ubu.vpn
usuarios
vncs.sh
www.blinklearning.com
x11vncAlumnos.sh
x11vncRoot.sh
youtube-dl.txt
activarTor.sh
apagarAula.sh
apagarAula.sh~
aulaFsarc.sh
aulasrv1.vpn
aulasrv1.vpn~
authorized_keys
backup.sh
bak
bloquear.sh
borrar.txt
calculadora.jar
cambiarFicherosAula.sh
cambiarFicherosAula.sh~
Carpeta personal
chm.sh
cierraSesion.sh
cierraSesion.sh~
clusters
codigoExtra.txt
codigoExtra.txt.sh
coincidencias-1ESO.txt
coincidencias (Copia en conflicto de aulasrv1 2016-03-17).sh
coincidencias.sh
coincidencias.sh~
coincidencias.txt
comprobarMontajeNet.sh
config
config.ubu15
copiarEnAula.sh
copia.sh
copiaTrabajosClase2.sh
copiaTrabajosClase2.sh~
copiaTrabajosClase3.sh
copiaTrabajosClase3.sh~
copiaTrabajosClase.sh
copiaTrabajosClase.sh~
correoConexion.txt
disableMenuPower.sh
dnsmasq.aulapeque.conf
dnsmasq.conf
dnsmasq.srv1.conf
dnsmasq.srv2.conf
ejecutarEnCliente.sh
ejecutarEnServidor.sh
ejecutarEnServidor.sh~
ejecutarRemoto.sh
ejecutarRemoto.sh~
encenderAula.sh
ffmpeg.sh
ffmpeg.sh~
gmail.sh
hs.sh
id_rsa
id_rsa.pub
imagenLliurex
inicioAlu.sh
inicio.sh
ips.txt
LibreOffice - Manual Usuario Calc.pdf
listaFicherosmd5.sort.txt
ltsp.sh
md5s.sh
micalc.sh
mimeApps.sh
mimeApps.sh~
nohup.out
operaAptSources.sh
operaAptSources.sh~
ovpn.sh
ovpn.sh.old
ovpsrv.sh
pantallaCli.sh
pantalla.sh
ponerExamen.sh
publicarScripts.sh
puntosDeAccesoServidoresEtc.txt
rsync.sh
rutas.sh
srv2On.sh
sshCopyId.sh
sshTun.sh
sshTun.sh~
start.sh
start.sh~
sudoers
sudoers.old
tor-privoxy-squid.pdf
torRoute.sh
torRoute.sh~
tunelSsh5.sh
tunelSsh6.sh
tunelSsh6.sh~
tun.sh
ubu.vpn
usuarios
vncs.sh
www.blinklearning.com
x11vncAlumnos.sh
x11vncRoot.sh
youtube-dl.txt
